-------------------------------------------------------------------------------
Test set: com.github.rebeccamoraes.exemplo.domain.ArquivoXMLTest
-------------------------------------------------------------------------------
Tests run: 1, Failures: 1, Errors: 0, Skipped: 0, Time elapsed: 0.172 s <<< FAILURE! - in com.github.rebeccamoraes.exemplo.domain.ArquivoXMLTest
leituraArquivo  Time elapsed: 0.169 s  <<< FAILURE!
org.opentest4j.AssertionFailedError: expected: <true> but was: <false>
	at com.github.rebeccamoraes.exemplo.domain.ArquivoXMLTest.leituraArquivo(ArquivoXMLTest.java:16)

